--------------------
./configure --build=i386-linux --host=arm-linux --target=arm-linux CC=/home/ltf/mypro/1616/FD1616GS/trunk/buildroot/host/usr/bin/arm-linux-gcc AR=/home/ltf/mypro/1616/FD1616GS/trunk/buildroot/host/usr/bin/arm-linux-ar RANLIB=/home/ltf/mypro/1616/FD1616GS/trunk/buildroot/host/usr/bin/arm-linux-ranlib STRIP=/home/ltf/mypro/1616/FD1616GS/trunk/buildroot/host/usr/bin/arm-linux-strip --prefix=/home/ltf/mypro/1616/FD1616GS/trunk/buildroot/platform/zlib/install --includedir=/home/ltf/mypro/1616/FD1616GS/trunk/buildroot/platform/zlib/include
Thu May 18 18:43:57 CST 2017
unknown option: --build=i386-linux
./configure --help for help
** ./configure aborting.
--------------------


--------------------
./configure --build=i386-linux --host=arm-linux --target=arm-linux CC=/home/ltf/mypro/1616/FD1616GS/trunk/buildroot/host/usr/bin/arm-linux-gcc AR=/home/ltf/mypro/1616/FD1616GS/trunk/buildroot/host/usr/bin/arm-linux-ar RANLIB=/home/ltf/mypro/1616/FD1616GS/trunk/buildroot/host/usr/bin/arm-linux-ranlib STRIP=/home/ltf/mypro/1616/FD1616GS/trunk/buildroot/host/usr/bin/arm-linux-strip --prefix=/home/ltf/mypro/1616/FD1616GS/trunk/buildroot/platform/zlib/install --includedir=/home/ltf/mypro/1616/FD1616GS/trunk/buildroot/platform/zlib/include
Thu May 18 18:47:03 CST 2017
unknown option: --build=i386-linux
./configure --help for help
** ./configure aborting.
--------------------


--------------------
./configure --build=i386-linux
Thu May 18 18:49:09 CST 2017
unknown option: --build=i386-linux
./configure --help for help
** ./configure aborting.
--------------------


--------------------
./configure -help
Thu May 18 18:49:17 CST 2017
usage:
  configure [--const] [--zprefix] [--prefix=PREFIX]  [--eprefix=EXPREFIX]
    [--static] [--64] [--libdir=LIBDIR] [--sharedlibdir=LIBDIR]
    [--includedir=INCLUDEDIR] [--archs="-arch i386 -arch x86_64"]
--------------------
./configure CC=/home/ltf/mypro/1616/FD1616GS/trunk/buildroot/host/usr/bin/arm-linux-gcc AR=/home/ltf/mypro/1616/FD1616GS/trunk/buildroot/host/usr/bin/arm-linux-ar RANLIB=/home/ltf/mypro/1616/FD1616GS/trunk/buildroot/host/usr/bin/arm-linux-ranlib STRIP=/home/ltf/mypro/1616/FD1616GS/trunk/buildroot/host/usr/bin/arm-linux-strip --prefix=/home/ltf/mypro/1616/FD1616GS/trunk/buildroot/platform/zlib/install --includedir=/home/ltf/mypro/1616/FD1616GS/trunk/buildroot/platform/zlib/include
Thu May 18 18:53:22 CST 2017
unknown option: CC=/home/ltf/mypro/1616/FD1616GS/trunk/buildroot/host/usr/bin/arm-linux-gcc
./configure --help for help
** ./configure aborting.
--------------------


--------------------
./configure RANLIB=/home/ltf/mypro/1616/FD1616GS/trunk/buildroot/host/usr/bin/arm-linux-ranlib STRIP=/home/ltf/mypro/1616/FD1616GS/trunk/buildroot/host/usr/bin/arm-linux-strip --prefix=/home/ltf/mypro/1616/FD1616GS/trunk/buildroot/platform/zlib/install --includedir=/home/ltf/mypro/1616/FD1616GS/trunk/buildroot/platform/zlib/include
Thu May 18 18:54:33 CST 2017
unknown option: RANLIB=/home/ltf/mypro/1616/FD1616GS/trunk/buildroot/host/usr/bin/arm-linux-ranlib
./configure --help for help
** ./configure aborting.
--------------------


--------------------
./configure --help
Thu May 18 18:54:54 CST 2017
usage:
  configure [--const] [--zprefix] [--prefix=PREFIX]  [--eprefix=EXPREFIX]
    [--static] [--64] [--libdir=LIBDIR] [--sharedlibdir=LIBDIR]
    [--includedir=INCLUDEDIR] [--archs="-arch i386 -arch x86_64"]
--------------------
./configure --prefix=/home/ltf/mypro/1616/FD1616GS/trunk/buildroot/platform/zlib/install --includedir=/home/ltf/mypro/1616/FD1616GS/trunk/buildroot/platform/zlib/include
Thu May 18 18:57:16 CST 2017
=== ztest23519.c ===
extern int getchar();
int hello() {return getchar();}
===
/home/ltf/mypro/1616/FD1616GS/trunk/buildroot/host/usr/bin/arm-linux-gcc -c ztest23519.c
... using gcc

Checking for obsessive-compulsive compiler options...
=== ztest23519.c ===
int foo() { return 0; }
===
/home/ltf/mypro/1616/FD1616GS/trunk/buildroot/host/usr/bin/arm-linux-gcc -c -O3 ztest23519.c

Checking for shared library support...
=== ztest23519.c ===
extern int getchar();
int hello() {return getchar();}
===
/home/ltf/mypro/1616/FD1616GS/trunk/buildroot/host/usr/bin/arm-linux-gcc -w -c -O3 -fPIC ztest23519.c
/home/ltf/mypro/1616/FD1616GS/trunk/buildroot/host/usr/bin/arm-linux-gcc -shared -Wl,-soname,libz.so.1,--version-script,zlib.map -O3 -fPIC -o ztest23519.so ztest23519.o
Building shared library libz.so.1.2.11 with /home/ltf/mypro/1616/FD1616GS/trunk/buildroot/host/usr/bin/arm-linux-gcc.

=== ztest23519.c ===
#include <stdio.h>
#include <stdlib.h>
size_t dummy = 0;
===
/home/ltf/mypro/1616/FD1616GS/trunk/buildroot/host/usr/bin/arm-linux-gcc -c -O3 ztest23519.c
Checking for size_t... Yes.


=== ztest23519.c ===
#include <sys/types.h>
off64_t dummy = 0;
===
/home/ltf/mypro/1616/FD1616GS/trunk/buildroot/host/usr/bin/arm-linux-gcc -c -O3 -D_LARGEFILE64_SOURCE=1 ztest23519.c
Checking for off64_t... Yes.
Checking for fseeko... Yes.

=== ztest23519.c ===
#include <string.h>
#include <errno.h>
int main() { return strlen(strerror(errno)); }
===
/home/ltf/mypro/1616/FD1616GS/trunk/buildroot/host/usr/bin/arm-linux-gcc -O3 -D_LARGEFILE64_SOURCE=1 -o ztest23519 ztest23519.c
Checking for strerror... Yes.

=== ztest23519.c ===
#include <unistd.h>
int main() { return 0; }
===
/home/ltf/mypro/1616/FD1616GS/trunk/buildroot/host/usr/bin/arm-linux-gcc -c -O3 -D_LARGEFILE64_SOURCE=1 ztest23519.c
Checking for unistd.h... Yes.

=== ztest23519.c ===
#include <stdarg.h>
int main() { return 0; }
===
/home/ltf/mypro/1616/FD1616GS/trunk/buildroot/host/usr/bin/arm-linux-gcc -c -O3 -D_LARGEFILE64_SOURCE=1 ztest23519.c
Checking for stdarg.h... Yes.

=== ztest23519.c ===
#include <stdio.h>
#include <stdarg.h>
#include "zconf.h"
int main()
{
#ifndef STDC
  choke me
#endif
  return 0;
}
===
/home/ltf/mypro/1616/FD1616GS/trunk/buildroot/host/usr/bin/arm-linux-gcc -c -O3 -D_LARGEFILE64_SOURCE=1 ztest23519.c
Checking whether to use vs[n]printf() or s[n]printf()... using vs[n]printf().

=== ztest23519.c ===
#include <stdio.h>
#include <stdarg.h>
int mytest(const char *fmt, ...)
{
  char buf[20];
  va_list ap;
  va_start(ap, fmt);
  vsnprintf(buf, sizeof(buf), fmt, ap);
  va_end(ap);
  return 0;
}
int main()
{
  return (mytest("Hello%d\n", 1));
}
===
/home/ltf/mypro/1616/FD1616GS/trunk/buildroot/host/usr/bin/arm-linux-gcc -O3 -D_LARGEFILE64_SOURCE=1 -o ztest23519 ztest23519.c
Checking for vsnprintf() in stdio.h... Yes.

=== ztest23519.c ===
#include <stdio.h>
#include <stdarg.h>
int mytest(const char *fmt, ...)
{
  int n;
  char buf[20];
  va_list ap;
  va_start(ap, fmt);
  n = vsnprintf(buf, sizeof(buf), fmt, ap);
  va_end(ap);
  return n;
}
int main()
{
  return (mytest("Hello%d\n", 1));
}
===
/home/ltf/mypro/1616/FD1616GS/trunk/buildroot/host/usr/bin/arm-linux-gcc -c -O3 -D_LARGEFILE64_SOURCE=1 ztest23519.c
Checking for return value of vsnprintf()... Yes.

=== ztest23519.c ===
#define ZLIB_INTERNAL __attribute__((visibility ("hidden")))
int ZLIB_INTERNAL foo;
int main()
{
  return 0;
}
===
/home/ltf/mypro/1616/FD1616GS/trunk/buildroot/host/usr/bin/arm-linux-gcc -c -O3 -D_LARGEFILE64_SOURCE=1 ztest23519.c
Checking for attribute(visibility) support... Yes.

ALL = static shared all64
AR = /home/ltf/mypro/1616/FD1616GS/trunk/buildroot/host/usr/bin/arm-linux-ar
ARFLAGS = rc
CC = /home/ltf/mypro/1616/FD1616GS/trunk/buildroot/host/usr/bin/arm-linux-gcc
CFLAGS = -O3 -D_LARGEFILE64_SOURCE=1 -DHAVE_HIDDEN
CPP = /home/ltf/mypro/1616/FD1616GS/trunk/buildroot/host/usr/bin/arm-linux-gcc -E
EXE =
LDCONFIG = ldconfig
LDFLAGS =
LDSHARED = /home/ltf/mypro/1616/FD1616GS/trunk/buildroot/host/usr/bin/arm-linux-gcc -shared -Wl,-soname,libz.so.1,--version-script,zlib.map
LDSHAREDLIBC = -lc
OBJC = $(OBJZ) $(OBJG)
PIC_OBJC = $(PIC_OBJZ) $(PIC_OBJG)
RANLIB = ranlib
SFLAGS = -O3 -fPIC -D_LARGEFILE64_SOURCE=1 -DHAVE_HIDDEN
SHAREDLIB = libz.so
SHAREDLIBM = libz.so.1
SHAREDLIBV = libz.so.1.2.11
STATICLIB = libz.a
TEST = all teststatic testshared test64
VER = 1.2.11
Z_U4 =
SRCDIR =
exec_prefix = ${prefix}
includedir = /home/ltf/mypro/1616/FD1616GS/trunk/buildroot/platform/zlib/include
libdir = ${exec_prefix}/lib
mandir = ${prefix}/share/man
prefix = /home/ltf/mypro/1616/FD1616GS/trunk/buildroot/platform/zlib/install
sharedlibdir = ${libdir}
uname = Linux
--------------------


